# JRE version: Java(TM) SE Runtime Environment (17.0.6+9) (build 17.0.6+9-LTS-190)
# Java VM: Java HotSpot(TM) 64-Bit Server VM (17.0.6+9-LTS-190, mixed mode, sharing, tiered, compressed oops, compressed class ptrs, g1 gc, windows-amd64)
GC Precious Log:
 CPUs: 4 total, 4 available
 Memory: 3792M
 Large Page Support: Disabled
 NUMA Support: Disabled
 Compressed Oops: Enabled (32-bit)
 Heap Region Size: 1M
 Heap Min Capacity: 8M
 Heap Initial Capacity: 60M
 Heap Max Capacity: 950M
 Pre-touch: Disabled
 Parallel Workers: 4
 Concurrent Workers: 1
 Concurrent Refinement Workers: 4
 Periodic GC: Disabled
Heap:
 garbage-first heap   total 48128K, used 16952K [0x00000000c4a00000, 0x0000000100000000)
  region size 1024K, 4 young (4096K), 2 survivors (2048K)
 Metaspace       used 29874K, committed 30144K, reserved 1081344K
  class space    used 3898K, committed 4032K, reserved 1048576K
GC Heap History (16 events):
Event: 4.006 GC heap before
{Heap before GC invocations=0 (full 0):
 garbage-first heap   total 61440K, used 13312K [0x00000000c4a00000, 0x0000000100000000)
  region size 1024K, 13 young (13312K), 0 survivors (0K)
 Metaspace       used 2979K, committed 3136K, reserved 1056768K
  class space    used 297K, committed 384K, reserved 1048576K
}
Event: 4.034 GC heap after
{Heap after GC invocations=1 (full 0):
 garbage-first heap   total 61440K, used 6678K [0x00000000c4a00000, 0x0000000100000000)
  region size 1024K, 2 young (2048K), 2 survivors (2048K)
 Metaspace       used 2979K, committed 3136K, reserved 1056768K
  class space    used 297K, committed 384K, reserved 1048576K
}
Event: 6.823 GC heap before
{Heap before GC invocations=1 (full 0):
 garbage-first heap   total 61440K, used 15894K [0x00000000c4a00000, 0x0000000100000000)
  region size 1024K, 11 young (11264K), 2 survivors (2048K)
 Metaspace       used 5576K, committed 5760K, reserved 1056768K
  class space    used 666K, committed 704K, reserved 1048576K
}
Event: 6.831 GC heap after
{Heap after GC invocations=2 (full 0):
 garbage-first heap   total 61440K, used 7260K [0x00000000c4a00000, 0x0000000100000000)
  region size 1024K, 1 young (1024K), 1 survivors (1024K)
 Metaspace       used 5576K, committed 5760K, reserved 1056768K
  class space    used 666K, committed 704K, reserved 1048576K
}
Event: 11.644 GC heap before
{Heap before GC invocations=2 (full 0):
 garbage-first heap   total 61440K, used 26716K [0x00000000c4a00000, 0x0000000100000000)
  region size 1024K, 20 young (20480K), 1 survivors (1024K)
 Metaspace       used 10089K, committed 10368K, reserved 1064960K
  class space    used 1267K, committed 1408K, reserved 1048576K
}
Event: 11.660 GC heap after
{Heap after GC invocations=3 (full 0):
 garbage-first heap   total 61440K, used 9096K [0x00000000c4a00000, 0x0000000100000000)
  region size 1024K, 3 young (3072K), 3 survivors (3072K)
 Metaspace       used 10089K, committed 10368K, reserved 1064960K
  class space    used 1267K, committed 1408K, reserved 1048576K
}
Event: 14.600 GC heap before
{Heap before GC invocations=3 (full 0):
 garbage-first heap   total 61440K, used 30600K [0x00000000c4a00000, 0x0000000100000000)
  region size 1024K, 25 young (25600K), 3 survivors (3072K)
 Metaspace       used 15603K, committed 15872K, reserved 1064960K
  class space    used 1972K, committed 2112K, reserved 1048576K
}
Event: 14.612 GC heap after
{Heap after GC invocations=4 (full 0):
 garbage-first heap   total 61440K, used 10476K [0x00000000c4a00000, 0x0000000100000000)
  region size 1024K, 4 young (4096K), 4 survivors (4096K)
 Metaspace       used 15603K, committed 15872K, reserved 1064960K
  class space    used 1972K, committed 2112K, reserved 1048576K
}
Event: 18.285 GC heap before
{Heap before GC invocations=4 (full 0):
 garbage-first heap   total 61440K, used 38124K [0x00000000c4a00000, 0x0000000100000000)
  region size 1024K, 32 young (32768K), 4 survivors (4096K)
 Metaspace       used 20217K, committed 20480K, reserved 1073152K
  class space    used 2554K, committed 2688K, reserved 1048576K
}
Event: 18.296 GC heap after
{Heap after GC invocations=5 (full 0):
 garbage-first heap   total 61440K, used 12612K [0x00000000c4a00000, 0x0000000100000000)
  region size 1024K, 4 young (4096K), 4 survivors (4096K)
 Metaspace       used 20217K, committed 20480K, reserved 1073152K
  class space    used 2554K, committed 2688K, reserved 1048576K
}
Event: 18.811 GC heap before
{Heap before GC invocations=5 (full 0):
 garbage-first heap   total 61440K, used 19780K [0x00000000c4a00000, 0x0000000100000000)
  region size 1024K, 12 young (12288K), 4 survivors (4096K)
 Metaspace       used 21236K, committed 21504K, reserved 1073152K
  class space    used 2680K, committed 2816K, reserved 1048576K
}
Event: 18.826 GC heap after
{Heap after GC invocations=6 (full 0):
 garbage-first heap   total 61440K, used 12427K [0x00000000c4a00000, 0x0000000100000000)
  region size 1024K, 2 young (2048K), 2 survivors (2048K)
 Metaspace       used 21236K, committed 21504K, reserved 1073152K
  class space    used 2680K, committed 2816K, reserved 1048576K
}
Event: 20.727 GC heap before
{Heap before GC invocations=7 (full 0):
 garbage-first heap   total 48128K, used 38027K [0x00000000c4a00000, 0x0000000100000000)
  region size 1024K, 28 young (28672K), 2 survivors (2048K)
 Metaspace       used 25961K, committed 26240K, reserved 1073152K
  class space    used 3357K, committed 3520K, reserved 1048576K
}
Event: 20.742 GC heap after
{Heap after GC invocations=8 (full 0):
 garbage-first heap   total 48128K, used 14727K [0x00000000c4a00000, 0x0000000100000000)
  region size 1024K, 4 young (4096K), 4 survivors (4096K)
 Metaspace       used 25961K, committed 26240K, reserved 1073152K
  class space    used 3357K, committed 3520K, reserved 1048576K
}
Event: 20.782 GC heap before
{Heap before GC invocations=8 (full 0):
 garbage-first heap   total 48128K, used 15751K [0x00000000c4a00000, 0x0000000100000000)
  region size 1024K, 5 young (5120K), 4 survivors (4096K)
 Metaspace       used 26100K, committed 26368K, reserved 1073152K
  class space    used 3388K, committed 3520K, reserved 1048576K
}
Event: 20.796 GC heap after
{Heap after GC invocations=9 (full 0):
 garbage-first heap   total 48128K, used 15338K [0x00000000c4a00000, 0x0000000100000000)
  region size 1024K, 1 young (1024K), 1 survivors (1024K)
 Metaspace       used 26100K, committed 26368K, reserved 1073152K
  class space    used 3388K, committed 3520K, reserved 1048576K
}

